<?xml version="1.0" encoding="UTF-8"?>
<!-- Generated by org.testng.reporters.JUnitReportReporter -->
<testsuite hostname="GS-2657" failures="0" tests="1" name="com.restassured.testrunner.TestRunner" time="1.953" errors="0" timestamp="2020-05-08T17:27:34 IST" skipped="0">
  <testcase classname="com.restassured.testrunner.TestRunner" name="runScenario" time="1.953"/>
  <system-out/>
</testsuite> <!-- com.restassured.testrunner.TestRunner -->
