<?xml version="1.0" encoding="UTF-8"?>
<!-- Generated by org.testng.reporters.JUnitReportReporter -->
<testsuite skipped="0" hostname="GS-2657" name="com.restassured.testrunner.TestRunner" tests="2" failures="0" timestamp="2020-05-08T18:03:23 IST" time="2.414" errors="0">
  <testcase name="runScenario" time="2.208" classname="com.restassured.testrunner.TestRunner"/>
  <system-out/>
  <testcase name="runScenario" time="0.206" classname="com.restassured.testrunner.TestRunner"/>
  <system-out/>
</testsuite> <!-- com.restassured.testrunner.TestRunner -->
